<?xml version="1.0" encoding="UTF-8"?>
<testng-results ignored="0" total="1" passed="1" failed="0" skipped="0">
  <reporter-output>
  </reporter-output>
  <suite started-at="2024-02-25T11:19:41 IST" name="Suite" finished-at="2024-02-25T11:19:55 IST" duration-ms="14648">
    <groups>
    </groups>
    <test started-at="2024-02-25T11:19:41 IST" name="Test" finished-at="2024-02-25T11:19:55 IST" duration-ms="14648">
      <class name="TestCases.Testcase1">
        <test-method signature="register()[pri:0, instance:TestCases.Testcase1@1139b2f3]" started-at="2024-02-25T11:19:41 IST" name="register" finished-at="2024-02-25T11:19:55 IST" duration-ms="14585" status="PASS">
          <reporter-output>
          </reporter-output>
        </test-method> <!-- register -->
      </class> <!-- TestCases.Testcase1 -->
    </test> <!-- Test -->
  </suite> <!-- Suite -->
</testng-results>
