<?xml version="1.0" encoding="UTF-8"?>
<testng-results ignored="0" total="1" passed="1" failed="0" skipped="0">
  <reporter-output>
  </reporter-output>
  <suite started-at="2024-02-28T12:17:40 IST" name="Default suite" finished-at="2024-02-28T12:18:08 IST" duration-ms="27976">
    <groups>
    </groups>
    <test started-at="2024-02-28T12:17:40 IST" name="Default test" finished-at="2024-02-28T12:18:08 IST" duration-ms="27976">
      <class name="TestCases.Testcase9">
        <test-method signature="productscreenshot()[pri:0, instance:TestCases.Testcase9@595b007d]" started-at="2024-02-28T12:17:40 IST" name="productscreenshot" finished-at="2024-02-28T12:18:08 IST" duration-ms="27890" status="PASS">
          <reporter-output>
          </reporter-output>
        </test-method> <!-- productscreenshot -->
      </class> <!-- TestCases.Testcase9 -->
    </test> <!-- Default test -->
  </suite> <!-- Default suite -->
</testng-results>
